2024-03-04 11:30:13 [scrapy] DEBUG: Crawled (404) <GET https://sarc.pucrs.br/robots.txt> (referer: None)
2024-03-04 11:30:14 [scrapy] DEBUG: Crawled (200) <GET https://sarc.pucrs.br/Default/> (referer: None)
2024-03-04 11:30:14 [scrapy] DEBUG: Scraped from <200 https://sarc.pucrs.br/Default/>
{'11:30': [{'time': '11:30', 'timeCode': 'EX', 'resource': 'Laboratório - 309', 'discipline': 'Progr. Orien. a Objetos (12)', 'responsible': 'Bernardo Copstein', 'type': 'laboratory'}], '15:45': [{'time': '15:45', 'timeCode': 'HI', 'resource': 'Notebook 01', 'discipline': 'Desenho Arqui. I (20)', 'responsible': 'Paulo Bregatto', 'type': 'classroom'}]}
2024-03-04 11:30:14 [scrapy] INFO: Closing spider (finished)
2024-03-04 11:30:14 [scrapy] INFO: Dumping Scrapy stats:
{'downloader/request_bytes': 613,
 'downloader/request_count': 2,
 'downloader/request_method_count/GET': 2,
 'downloader/response_bytes': 6495,
 'downloader/response_count': 2,
 'downloader/response_status_count/200': 1,
 'downloader/response_status_count/404': 1,
 'elapsed_time_seconds': 1.097513,
 'finish_reason': 'finished',
 'finish_time': datetime.datetime(2024, 3, 4, 14, 30, 14, 771147, tzinfo=datetime.timezone.utc),
 'httpcompression/response_bytes': 13762,
 'httpcompression/response_count': 2,
 'item_scraped_count': 1,
 'log_count/DEBUG': 11,
 'log_count/INFO': 7,
 'memusage/max': 76300288,
 'memusage/startup': 76300288,
 'response_received_count': 2,
 'robotstxt/request_count': 1,
 'robotstxt/response_count': 1,
 'robotstxt/response_status_count/404': 1,
 'scheduler/dequeued': 1,
 'scheduler/dequeued/memory': 1,
 'scheduler/enqueued': 1,
 'scheduler/enqueued/memory': 1,
 'start_time': datetime.datetime(2024, 3, 4, 14, 30, 13, 673634, tzinfo=datetime.timezone.utc)}
2024-03-04 11:30:14 [scrapy] INFO: Spider closed (finished)
